Time resolution is 1 ps
Written into the TB Qeue., iteration number           0 and data is   0
Written into the TB Qeue., iteration number           1 and data is  16
Written into the TB Qeue., iteration number           2 and data is 106
Written into the TB Qeue., iteration number           3 and data is 168
Written into the TB Qeue., iteration number           4 and data is  43
Written into the TB Qeue., iteration number           5 and data is 191
Written into the TB Qeue., iteration number           6 and data is 161
Written into the TB Qeue., iteration number           7 and data is 126
Written into the TB Qeue., iteration number           8 and data is 207
Written into the TB Qeue., iteration number           9 and data is  11
Written into the TB Qeue., iteration number          10 and data is  38
Written into the TB Qeue., iteration number          11 and data is 251
Written into the TB Qeue., iteration number          12 and data is 203
Written into the TB Qeue., iteration number          13 and data is 200
Written into the TB Qeue., iteration number          14 and data is 121
Written into the TB Qeue., iteration number          15 and data is 154
Written into the TB Qeue., iteration number          16 and data is 211
 [205000], FIFO IS FULL...., iteration number          17 
 [215000], FIFO IS FULL...., iteration number          18 
 [225000], FIFO IS FULL...., iteration number          19 
[252000], FIFO WR  16 = RD  16
[276000], FIFO WR 106 = RD 106
[300000], FIFO WR 168 = RD 168
[324000], FIFO WR  43 = RD  43
[348000], FIFO WR 191 = RD 191
[372000], FIFO WR 161 = RD 161
[396000], FIFO WR 126 = RD 126
[420000], FIFO WR 207 = RD 207
[444000], FIFO WR  11 = RD  11
[468000], FIFO WR  38 = RD  38
[492000], FIFO WR 251 = RD 251
[516000], FIFO WR 203 = RD 203
[540000], FIFO WR 200 = RD 200
[564000], FIFO WR 121 = RD 121
[588000], FIFO WR 154 = RD 154
[612000], FIFO WR 211 = RD 211
